<?xml version="1.0" encoding="UTF-8"?>
<!-- Generated by org.testng.reporters.JUnitReportReporter -->
<testsuite skipped="0" hostname="Sony-VAIO" name="gitpak.gitc" tests="1" failures="0" timestamp="20 May 2018 10:21:23 GMT" time="0.055" errors="0">
  <testcase name="display" time="0.055" classname="gitpak.gitc"/>
</testsuite> <!-- gitpak.gitc -->
